<?xml version="1.0" encoding="UTF-8"?>
<!-- Generated by org.testng.reporters.JUnitXMLReporter -->
<testsuite hostname="DESKTOP-DB14A24" ignored="0" name="Test" tests="6" failures="0" timestamp="2020-04-17T18:18:04 CDT" time="0.254" errors="0">
  <testcase name="@BeforeTest initialize" time="0.043" classname="academy.HomePage">
    <failure type="java.lang.NullPointerException">
      <![CDATA[java.lang.NullPointerException
at resource.base.startDriver(base.java:30)
at academy.HomePage.initialize(HomePage.java:19)
... Removed 28 stack frames]]>
    </failure>
  </testcase> <!-- @BeforeTest initialize -->
  <testcase name="@BeforeTest initialize" time="-1.587165484317E9" classname="qaclickacademy.HomePage">
    <skipped/>
  </testcase> <!-- @BeforeTest initialize -->
  <testcase name="@BeforeTest initialize" time="-1.587165484319E9" classname="qaclickacademy.validateNavigationBar">
    <skipped/>
  </testcase> <!-- @BeforeTest initialize -->
  <testcase name="@BeforeTest initialize" time="-1.587165484321E9" classname="qaclickacademy.validateTitle">
    <skipped/>
  </testcase> <!-- @BeforeTest initialize -->
  <testcase name="@AfterTest teardown" time="-1.587165484486E9" classname="academy.HomePage">
    <skipped/>
  </testcase> <!-- @AfterTest teardown -->
  <testcase name="@AfterTest teardown" time="-1.587165484487E9" classname="qaclickacademy.HomePage">
    <skipped/>
  </testcase> <!-- @AfterTest teardown -->
  <testcase name="@AfterTest teardown" time="-1.587165484488E9" classname="qaclickacademy.validateNavigationBar">
    <skipped/>
  </testcase> <!-- @AfterTest teardown -->
  <testcase name="@AfterTest teardown" time="-1.587165484489E9" classname="qaclickacademy.validateTitle">
    <skipped/>
  </testcase> <!-- @AfterTest teardown -->
  <testcase name="basePageNavigation" time="0.0" classname="academy.HomePage">
    <skipped/>
  </testcase> <!-- basePageNavigation -->
  <testcase name="basePageNavigation" time="0.0" classname="academy.HomePage">
    <skipped/>
  </testcase> <!-- basePageNavigation -->
  <testcase name="baseValidateTitle" time="0.0" classname="qaclickacademy.validateTitle">
    <skipped/>
  </testcase> <!-- baseValidateTitle -->
  <testcase name="basePageNavigation" time="0.0" classname="qaclickacademy.validateNavigationBar">
    <skipped/>
  </testcase> <!-- basePageNavigation -->
  <testcase name="homePageNavigation" time="0.0" classname="qaclickacademy.HomePage">
    <skipped/>
  </testcase> <!-- homePageNavigation -->
  <testcase name="homePageNavigation" time="0.0" classname="qaclickacademy.HomePage">
    <skipped/>
  </testcase> <!-- homePageNavigation -->
</testsuite> <!-- Test -->
