<?xml version="1.0" encoding="UTF-8"?>
<testsuite xmlns:xsi="http://www.w3.org/2001/XMLSchema-instance" xsi:noNamespaceSchemaLocation="https://maven.apache.org/surefire/maven-surefire-plugin/xsd/surefire-test-report-3.0.xsd" version="3.0" name="TestSuite" time="117.52" tests="6" errors="0" skipped="0" failures="2">
  <properties>
[...]
</properties>
  <testcase name="basePageNavigation" classname="academy.HomePage" time="12.099">
    <failure message="Element &lt;a href=&quot;http://qaclickacademy.usefedora.com/sign_in&quot;&gt; is not clickable at point (1324,16) because another element &lt;div class=&quot;listbuilder-popup-content&quot;&gt; obscures it&#10;Build info: version: &apos;3.141.59&apos;, revision: &apos;e82be7d358&apos;, time: &apos;2018-11-14T08:17:03&apos;&#10;System info: host: &apos;DESKTOP-DB14A24&apos;, ip: &apos;192.168.0.7&apos;, os.name: &apos;Windows 10&apos;, os.arch: &apos;amd64&apos;, os.version: &apos;10.0&apos;, java.version: &apos;1.8.0_241&apos;&#10;Driver info: org.openqa.selenium.firefox.FirefoxDriver&#10;Capabilities {acceptInsecureCerts: true, browserName: firefox, browserVersion: 75.0, javascriptEnabled: true, moz:accessibilityChecks: false, moz:buildID: 20200403170909, moz:geckodriverVersion: 0.26.0, moz:headless: false, moz:processID: 1192, moz:profile: C:\Users\reazj\AppData\Loca..., moz:shutdownTimeout: 60000, moz:useNonSpecCompliantPointerOrigin: false, moz:webdriverClick: true, pageLoadStrategy: normal, platform: WINDOWS, platformName: WINDOWS, platformVersion: 10.0, rotatable: false, setWindowRect: true, strictFileInteractability: false, timeouts: {implicit: 0, pageLoad: 300000, script: 30000}, unhandledPromptBehavior: dismiss and notify}&#10;Session ID: 064258cb-2f19-49c5-b730-0f0ab2ef1bfd" type="org.openqa.selenium.ElementClickInterceptedException"><![CDATA[org.openqa.selenium.ElementClickInterceptedException: 
Element <a href="http://qaclickacademy.usefedora.com/sign_in"> is not clickable at point (1324,16) because another element <div class="listbuilder-popup-content"> obscures it
Build info: version: '3.141.59', revision: 'e82be7d358', time: '2018-11-14T08:17:03'
System info: host: 'DESKTOP-DB14A24', ip: '192.168.0.7', os.name: 'Windows 10', os.arch: 'amd64', os.version: '10.0', java.version: '1.8.0_241'
Driver info: org.openqa.selenium.firefox.FirefoxDriver
Capabilities {acceptInsecureCerts: true, browserName: firefox, browserVersion: 75.0, javascriptEnabled: true, moz:accessibilityChecks: false, moz:buildID: 20200403170909, moz:geckodriverVersion: 0.26.0, moz:headless: false, moz:processID: 1192, moz:profile: C:\Users\reazj\AppData\Loca..., moz:shutdownTimeout: 60000, moz:useNonSpecCompliantPointerOrigin: false, moz:webdriverClick: true, pageLoadStrategy: normal, platform: WINDOWS, platformName: WINDOWS, platformVersion: 10.0, rotatable: false, setWindowRect: true, strictFileInteractability: false, timeouts: {implicit: 0, pageLoad: 300000, script: 30000}, unhandledPromptBehavior: dismiss and notify}
Session ID: 064258cb-2f19-49c5-b730-0f0ab2ef1bfd
	at academy.HomePage.basePageNavigation(HomePage.java:30)
]]></failure>
    <system-err><![CDATA[1587541080334	mozrunner::runner	INFO	Running command: "C:\\Program Files\\Mozilla Firefox\\firefox.exe" "-marionette" "-foreground" "-no-remote" "-profile" "C:\\Users\\reazj\\AppData\\Local\\Temp\\rust_mozprofiletWZ7dM"
1587541081057	addons.webextension.doh-rollout@mozilla.org	WARN	Loading extension 'doh-rollout@mozilla.org': Reading manifest: Invalid extension permission: networkStatus
1587541082481	addons.webextension.screenshots@mozilla.org	WARN	Loading extension 'screenshots@mozilla.org': Reading manifest: Invalid extension permission: mozillaAddons
1587541082481	addons.webextension.screenshots@mozilla.org	WARN	Loading extension 'screenshots@mozilla.org': Reading manifest: Invalid extension permission: telemetry
1587541082481	addons.webextension.screenshots@mozilla.org	WARN	Loading extension 'screenshots@mozilla.org': Reading manifest: Invalid extension permission: resource://pdf.js/
1587541082481	addons.webextension.screenshots@mozilla.org	WARN	Loading extension 'screenshots@mozilla.org': Reading manifest: Invalid extension permission: about:reader*
JavaScript error: resource://gre/modules/XULStore.jsm, line 66: Error: Can't find profile directory.
1587541084894	Marionette	INFO	Listening on port 54652
1587541085090	Marionette	WARN	TLS certificate errors will be ignored for this session
Apr 22, 2020 2:38:05 AM org.openqa.selenium.remote.ProtocolHandshake createSession
INFO: Detected dialect: W3C
]]></system-err>
  </testcase>
  <testcase name="basePageNavigation" classname="academy.HomePage" time="8.667"/>
  <testcase name="baseValidateTitle" classname="qaclickacademy.validateTitle" time="0.035"/>
  <testcase name="basePageNavigation" classname="qaclickacademy.validateNavigationBar" time="0.078"/>
  <testcase name="home1PageNavigation" classname="qaclickacademy.HomePage1" time="11.794">
    <failure message="Element &lt;a href=&quot;http://qaclickacademy.usefedora.com/sign_in&quot;&gt; is not clickable at point (1324,16) because another element &lt;div class=&quot;listbuilder-popup-content&quot;&gt; obscures it&#10;Build info: version: &apos;3.141.59&apos;, revision: &apos;e82be7d358&apos;, time: &apos;2018-11-14T08:17:03&apos;&#10;System info: host: &apos;DESKTOP-DB14A24&apos;, ip: &apos;192.168.0.7&apos;, os.name: &apos;Windows 10&apos;, os.arch: &apos;amd64&apos;, os.version: &apos;10.0&apos;, java.version: &apos;1.8.0_241&apos;&#10;Driver info: org.openqa.selenium.firefox.FirefoxDriver&#10;Capabilities {acceptInsecureCerts: true, browserName: firefox, browserVersion: 75.0, javascriptEnabled: true, moz:accessibilityChecks: false, moz:buildID: 20200403170909, moz:geckodriverVersion: 0.26.0, moz:headless: false, moz:processID: 9548, moz:profile: C:\Users\reazj\AppData\Loca..., moz:shutdownTimeout: 60000, moz:useNonSpecCompliantPointerOrigin: false, moz:webdriverClick: true, pageLoadStrategy: normal, platform: WINDOWS, platformName: WINDOWS, platformVersion: 10.0, rotatable: false, setWindowRect: true, strictFileInteractability: false, timeouts: {implicit: 0, pageLoad: 300000, script: 30000}, unhandledPromptBehavior: dismiss and notify}&#10;Session ID: 535756c2-d991-4ff5-92b8-33e710cfe3c4" type="org.openqa.selenium.ElementClickInterceptedException"><![CDATA[org.openqa.selenium.ElementClickInterceptedException: 
Element <a href="http://qaclickacademy.usefedora.com/sign_in"> is not clickable at point (1324,16) because another element <div class="listbuilder-popup-content"> obscures it
Build info: version: '3.141.59', revision: 'e82be7d358', time: '2018-11-14T08:17:03'
System info: host: 'DESKTOP-DB14A24', ip: '192.168.0.7', os.name: 'Windows 10', os.arch: 'amd64', os.version: '10.0', java.version: '1.8.0_241'
Driver info: org.openqa.selenium.firefox.FirefoxDriver
Capabilities {acceptInsecureCerts: true, browserName: firefox, browserVersion: 75.0, javascriptEnabled: true, moz:accessibilityChecks: false, moz:buildID: 20200403170909, moz:geckodriverVersion: 0.26.0, moz:headless: false, moz:processID: 9548, moz:profile: C:\Users\reazj\AppData\Loca..., moz:shutdownTimeout: 60000, moz:useNonSpecCompliantPointerOrigin: false, moz:webdriverClick: true, pageLoadStrategy: normal, platform: WINDOWS, platformName: WINDOWS, platformVersion: 10.0, rotatable: false, setWindowRect: true, strictFileInteractability: false, timeouts: {implicit: 0, pageLoad: 300000, script: 30000}, unhandledPromptBehavior: dismiss and notify}
Session ID: 535756c2-d991-4ff5-92b8-33e710cfe3c4
	at qaclickacademy.HomePage1.home1PageNavigation(HomePage1.java:36)
]]></failure>
    <system-err><![CDATA[1587541157782	Marionette	INFO	Stopped listening on port 54855
IPDL protocol error: Handler returned error code!

###!!! [Parent][DispatchAsyncMessage] Error: PLayerTransaction::Msg_ReleaseLayer Processing error: message was deserialized, but the handler returned false (indicating failure)


###!!! [Child][RunMessage] Error: Channel closing: too late to send/recv, messages will be lost

1587541163401	mozrunner::runner	INFO	Running command: "C:\\Program Files\\Mozilla Firefox\\firefox.exe" "-marionette" "-foreground" "-no-remote" "-profile" "C:\\Users\\reazj\\AppData\\Local\\Temp\\rust_mozprofilejUjBiW"
1587541164025	addons.webextension.doh-rollout@mozilla.org	WARN	Loading extension 'doh-rollout@mozilla.org': Reading manifest: Invalid extension permission: networkStatus
1587541165728	addons.webextension.screenshots@mozilla.org	WARN	Loading extension 'screenshots@mozilla.org': Reading manifest: Invalid extension permission: mozillaAddons
1587541165729	addons.webextension.screenshots@mozilla.org	WARN	Loading extension 'screenshots@mozilla.org': Reading manifest: Invalid extension permission: telemetry
1587541165729	addons.webextension.screenshots@mozilla.org	WARN	Loading extension 'screenshots@mozilla.org': Reading manifest: Invalid extension permission: resource://pdf.js/
1587541165729	addons.webextension.screenshots@mozilla.org	WARN	Loading extension 'screenshots@mozilla.org': Reading manifest: Invalid extension permission: about:reader*
JavaScript error: resource://gre/modules/XULStore.jsm, line 66: Error: Can't find profile directory.
1587541168327	Marionette	INFO	Listening on port 54939
1587541168630	Marionette	WARN	TLS certificate errors will be ignored for this session
Apr 22, 2020 2:39:28 AM org.openqa.selenium.remote.ProtocolHandshake createSession
INFO: Detected dialect: W3C
]]></system-err>
  </testcase>
  <testcase name="home1PageNavigation" classname="qaclickacademy.HomePage1" time="8.733"/>
</testsuite>